c:\users\game\desktop\2019\プログラミング実習基礎\2dlv1_37x_game\gameprogramming\debug\vc120.pdb
c:\users\game\desktop\2019\プログラミング実習基礎\2dlv1_37x_game\gameprogramming\debug\vc120.idb
c:\users\game\desktop\2019\プログラミング実習基礎\2dlv1_37x_game\gameprogramming\debug\cbullet.obj
c:\users\game\desktop\2019\プログラミング実習基礎\2dlv1_37x_game\gameprogramming\debug\cenemy.obj
c:\users\game\desktop\2019\プログラミング実習基礎\2dlv1_37x_game\gameprogramming\debug\ckey.obj
c:\users\game\desktop\2019\プログラミング実習基礎\2dlv1_37x_game\gameprogramming\debug\cplayer.obj
c:\users\game\desktop\2019\プログラミング実習基礎\2dlv1_37x_game\gameprogramming\debug\crectangle.obj
c:\users\game\desktop\2019\プログラミング実習基礎\2dlv1_37x_game\gameprogramming\debug\cscenegame.obj
c:\users\game\desktop\2019\プログラミング実習基礎\2dlv1_37x_game\gameprogramming\debug\cscenemanager.obj
c:\users\game\desktop\2019\プログラミング実習基礎\2dlv1_37x_game\gameprogramming\debug\cscenetitle.obj
c:\users\game\desktop\2019\プログラミング実習基礎\2dlv1_37x_game\gameprogramming\debug\ctext.obj
c:\users\game\desktop\2019\プログラミング実習基礎\2dlv1_37x_game\gameprogramming\debug\update.obj
c:\users\game\desktop\2019\プログラミング実習基礎\2dlv1_37x_game\gameprogramming\debug\main.obj
c:\users\game\desktop\2019\プログラミング実習基礎\2dlv1_37x_game\debug\gameprogramming.ilk
c:\users\game\desktop\2019\プログラミング実習基礎\2dlv1_37x_game\debug\gameprogramming.exe
c:\users\game\desktop\2019\プログラミング実習基礎\2dlv1_37x_game\debug\gameprogramming.pdb
c:\users\game\desktop\2019\プログラミング実習基礎\2dlv1_37x_game\gameprogramming\debug\gameprogramming.tlog\cl.command.1.tlog
c:\users\game\desktop\2019\プログラミング実習基礎\2dlv1_37x_game\gameprogramming\debug\gameprogramming.tlog\cl.read.1.tlog
c:\users\game\desktop\2019\プログラミング実習基礎\2dlv1_37x_game\gameprogramming\debug\gameprogramming.tlog\cl.write.1.tlog
c:\users\game\desktop\2019\プログラミング実習基礎\2dlv1_37x_game\gameprogramming\debug\gameprogramming.tlog\link.command.1.tlog
c:\users\game\desktop\2019\プログラミング実習基礎\2dlv1_37x_game\gameprogramming\debug\gameprogramming.tlog\link.read.1.tlog
c:\users\game\desktop\2019\プログラミング実習基礎\2dlv1_37x_game\gameprogramming\debug\gameprogramming.tlog\link.write.1.tlog
