2021/05/11 11:17:55 にビルドを開始しました。
     1>ノード 2 上のプロジェクト "C:\Users\81803\Desktop\ゲーム制作２\2DLv1_99_Game_20201008 (2)\2DLv1_99_Game\GameProgramming\GameProgramming.vcxproj" (Build ターゲット)。
     1>ClCompile:
         C:\Program Files (x86)\Microsoft Visual Studio 12.0\VC\bin\CL.exe /c /ZI /nologo /W3 /WX- /Od /Oy- /D WIN32 /D _DEBUG /D _CONSOLE /D _LIB /Gm /EHsc /RTC1 /MDd /GS /fp:precise /Zc:wchar_t /Zc:forScope /Fo"Debug\\" /Fd"Debug\vc120.pdb" /Gd /TP /analyze- /errorReport:prompt CSceneGame.cpp
         CSceneGame.cpp
     1>c:\users\81803\desktop\ゲーム制作２\2dlv1_99_game_20201008 (2)\2dlv1_99_game\gameprogramming\cscenegame.cpp(69): warning C4018: '<' : signed と unsigned の数値を比較しようとしました。
     1>c:\users\81803\desktop\ゲーム制作２\2dlv1_99_game_20201008 (2)\2dlv1_99_game\gameprogramming\cscenegame.cpp(78): warning C4018: '<' : signed と unsigned の数値を比較しようとしました。
     1>c:\users\81803\desktop\ゲーム制作２\2dlv1_99_game_20201008 (2)\2dlv1_99_game\gameprogramming\cscenegame.cpp(80): warning C4018: '<' : signed と unsigned の数値を比較しようとしました。
     1>c:\users\81803\desktop\ゲーム制作２\2dlv1_99_game_20201008 (2)\2dlv1_99_game\gameprogramming\cscenegame.cpp(105): warning C4018: '<' : signed と unsigned の数値を比較しようとしました。
     1>c:\users\81803\desktop\ゲーム制作２\2dlv1_99_game_20201008 (2)\2dlv1_99_game\gameprogramming\cscenegame.cpp(119): warning C4018: '<' : signed と unsigned の数値を比較しようとしました。
       Link:
         C:\Program Files (x86)\Microsoft Visual Studio 12.0\VC\bin\link.exe /ERRORREPORT:PROMPT /OUT:"C:\Users\81803\Desktop\ゲーム制作２\2DLv1_99_Game_20201008 (2)\2DLv1_99_Game\Debug\GameProgramming.exe" /INCREMENTAL /NOLOGO glew32.lib glfw3.lib glfw3dll.lib glut32.lib kernel32.lib user32.lib gdi32.lib winspool.lib comdlg32.lib advapi32.lib shell32.lib ole32.lib oleaut32.lib uuid.lib odbc32.lib odbccp32.lib /MANIFEST /MANIFESTUAC:"level='asInvoker' uiAccess='false'" /manifest:embed /DEBUG /PDB:"C:\Users\81803\Desktop\ゲーム制作２\2DLv1_99_Game_20201008 (2)\2DLv1_99_Game\Debug\GameProgramming.pdb" /TLBID:1 /DYNAMICBASE /NXCOMPAT /IMPLIB:"C:\Users\81803\Desktop\ゲーム制作２\2DLv1_99_Game_20201008 (2)\2DLv1_99_Game\Debug\GameProgramming.lib" /MACHINE:X86 Debug\CBullet.obj
         Debug\CEnemy.obj
         Debug\CKey.obj
         Debug\CPlayer.obj
         Debug\CRectangle.obj
         Debug\CSceneGame.obj
         Debug\CSceneManager.obj
         Debug\CSceneTitle.obj
         Debug\CText.obj
         Debug\CTexture.obj
         Debug\Update.obj
         Debug\main.obj
         GameProgramming.vcxproj -> C:\Users\81803\Desktop\ゲーム制作２\2DLv1_99_Game_20201008 (2)\2DLv1_99_Game\Debug\GameProgramming.exe
     1>プロジェクト "C:\Users\81803\Desktop\ゲーム制作２\2DLv1_99_Game_20201008 (2)\2DLv1_99_Game\GameProgramming\GameProgramming.vcxproj" (Build ターゲット) のビルドが完了しました。

ビルドに成功しました。

経過時間 00:00:01.59
